Copyright 1986-2022 Xilinx, Inc. All Rights Reserved.
--------------------------------------------------------------------------------------------
| Tool Version : Vivado v.2022.2 (win64) Build 3671981 Fri Oct 14 05:00:03 MDT 2022
| Date         : Sun Dec 17 14:58:03 2023
| Host         : ypwang-0905 running 64-bit major release  (build 9200)
| Command      : report_control_sets -verbose -file soc_sys_wrapper_control_sets_placed.rpt
| Design       : soc_sys_wrapper
| Device       : xc7z020
--------------------------------------------------------------------------------------------

Control Set Information

Table of Contents
-----------------
1. Summary
2. Histogram
3. Flip-Flop Distribution
4. Detailed Control Set Information

1. Summary
----------

+----------------------------------------------------------+-------+
|                          Status                          | Count |
+----------------------------------------------------------+-------+
| Total control sets                                       |    43 |
|    Minimum number of control sets                        |    43 |
|    Addition due to synthesis replication                 |     0 |
|    Addition due to physical synthesis replication        |     0 |
| Unused register locations in slices containing registers |   140 |
+----------------------------------------------------------+-------+
* Control sets can be merged at opt_design using control_set_merge or merge_equivalent_drivers
** Run report_qor_suggestions for automated merging and remapping suggestions


2. Histogram
------------

+--------------------+-------+
|       Fanout       | Count |
+--------------------+-------+
| Total control sets |    43 |
| >= 0 to < 4        |     1 |
| >= 4 to < 6        |    15 |
| >= 6 to < 8        |     1 |
| >= 8 to < 10       |     5 |
| >= 10 to < 12      |     2 |
| >= 12 to < 14      |     1 |
| >= 14 to < 16      |     2 |
| >= 16              |    16 |
+--------------------+-------+
* Control sets can be remapped at either synth_design or opt_design


3. Flip-Flop Distribution
-------------------------

+--------------+-----------------------+------------------------+-----------------+--------------+
| Clock Enable | Synchronous Set/Reset | Asynchronous Set/Reset | Total Registers | Total Slices |
+--------------+-----------------------+------------------------+-----------------+--------------+
| No           | No                    | No                     |             174 |           57 |
| No           | No                    | Yes                    |               0 |            0 |
| No           | Yes                   | No                     |              89 |           37 |
| Yes          | No                    | No                     |             429 |          113 |
| Yes          | No                    | Yes                    |               0 |            0 |
| Yes          | Yes                   | No                     |              72 |           23 |
+--------------+-----------------------+------------------------+-----------------+--------------+


4. Detailed Control Set Information
-----------------------------------

+-----------------------------------------------------+--------------------------------------------------------------------------------------------------------------------------------------------------------------+------------------------------------------------------------------------------------------------------------------------------------------------------+------------------+----------------+--------------+
|                     Clock Signal                    |                                                                         Enable Signal                                                                        |                                                                   Set/Reset Signal                                                                   | Slice Load Count | Bel Load Count | Bels / Slice |
+-----------------------------------------------------+--------------------------------------------------------------------------------------------------------------------------------------------------------------+------------------------------------------------------------------------------------------------------------------------------------------------------+------------------+----------------+--------------+
|  soc_sys_i/processing_system7_0/inst/FCLK_CLK0_BUFG | soc_sys_i/ps7_0_axi_periph/s00_couplers/auto_pc/inst/gen_axilite.gen_b2s_conv.axilite_b2s/WR.b_channel_0/bid_fifo_0/bresp_push                               |                                                                                                                                                      |                1 |              2 |         2.00 |
|  soc_sys_i/processing_system7_0/inst/FCLK_CLK0_BUFG |                                                                                                                                                              | soc_sys_i/buttons/U0/AXI_LITE_IPIF_I/I_SLAVE_ATTACHMENT/clear                                                                                        |                1 |              4 |         4.00 |
|  soc_sys_i/processing_system7_0/inst/FCLK_CLK0_BUFG |                                                                                                                                                              | soc_sys_i/ps7_0_axi_periph/s00_couplers/auto_pc/inst/gen_axilite.gen_b2s_conv.axilite_b2s/SI_REG/ar.ar_pipe/aresetn_d_reg[0]_0                       |                3 |              4 |         1.33 |
|  soc_sys_i/processing_system7_0/inst/FCLK_CLK0_BUFG |                                                                                                                                                              | soc_sys_i/switches/U0/AXI_LITE_IPIF_I/I_SLAVE_ATTACHMENT/clear                                                                                       |                1 |              4 |         4.00 |
|  soc_sys_i/processing_system7_0/inst/FCLK_CLK0_BUFG | soc_sys_i/switches/U0/AXI_LITE_IPIF_I/I_SLAVE_ATTACHMENT/start2                                                                                              | soc_sys_i/switches/U0/AXI_LITE_IPIF_I/I_SLAVE_ATTACHMENT/I_DECODER/cs_ce_clr                                                                         |                2 |              4 |         2.00 |
|  soc_sys_i/processing_system7_0/inst/FCLK_CLK0_BUFG |                                                                                                                                                              | soc_sys_i/buttons/U0/AXI_LITE_IPIF_I/I_SLAVE_ATTACHMENT/I_DECODER/bus2ip_rnw_i_reg                                                                   |                2 |              4 |         2.00 |
|  soc_sys_i/processing_system7_0/inst/FCLK_CLK0_BUFG |                                                                                                                                                              | soc_sys_i/ps7_0_axi_periph/s00_couplers/auto_pc/inst/gen_axilite.gen_b2s_conv.axilite_b2s/SI_REG/b.b_pipe/aresetn_d_reg[1]_inv_0                     |                3 |              4 |         1.33 |
|  soc_sys_i/processing_system7_0/inst/FCLK_CLK0_BUFG | soc_sys_i/ps7_0_axi_periph/s00_couplers/auto_pc/inst/gen_axilite.gen_b2s_conv.axilite_b2s/RD.ar_channel_0/ar_cmd_fsm_0/m_valid_i_reg                         | soc_sys_i/ps7_0_axi_periph/s00_couplers/auto_pc/inst/gen_axilite.gen_b2s_conv.axilite_b2s/RD.ar_channel_0/ar_cmd_fsm_0/FSM_sequential_state_reg[1]_0 |                2 |              4 |         2.00 |
|  soc_sys_i/processing_system7_0/inst/FCLK_CLK0_BUFG | soc_sys_i/switches/U0/AXI_LITE_IPIF_I/I_SLAVE_ATTACHMENT/bus2ip_addr_i[8]_i_1_n_0                                                                            | soc_sys_i/switches/U0/AXI_LITE_IPIF_I/I_SLAVE_ATTACHMENT/SR[0]                                                                                       |                1 |              4 |         4.00 |
|  soc_sys_i/processing_system7_0/inst/FCLK_CLK0_BUFG | soc_sys_i/buttons/U0/AXI_LITE_IPIF_I/I_SLAVE_ATTACHMENT/bus2ip_addr_i[8]_i_1_n_0                                                                             | soc_sys_i/buttons/U0/AXI_LITE_IPIF_I/I_SLAVE_ATTACHMENT/SR[0]                                                                                        |                2 |              4 |         2.00 |
|  soc_sys_i/processing_system7_0/inst/FCLK_CLK0_BUFG | soc_sys_i/buttons/U0/AXI_LITE_IPIF_I/I_SLAVE_ATTACHMENT/start2                                                                                               | soc_sys_i/buttons/U0/AXI_LITE_IPIF_I/I_SLAVE_ATTACHMENT/I_DECODER/cs_ce_clr                                                                          |                1 |              4 |         4.00 |
|  soc_sys_i/processing_system7_0/inst/FCLK_CLK0_BUFG | soc_sys_i/buttons/U0/AXI_LITE_IPIF_I/I_SLAVE_ATTACHMENT/I_DECODER/E[0]                                                                                       | soc_sys_i/buttons/U0/AXI_LITE_IPIF_I/I_SLAVE_ATTACHMENT/SR[0]                                                                                        |                1 |              4 |         4.00 |
|  soc_sys_i/processing_system7_0/inst/FCLK_CLK0_BUFG |                                                                                                                                                              | soc_sys_i/rst_ps7_0_100M/U0/EXT_LPF/lpf_int                                                                                                          |                3 |              5 |         1.67 |
|  soc_sys_i/processing_system7_0/inst/FCLK_CLK0_BUFG | soc_sys_i/buttons/U0/AXI_LITE_IPIF_I/I_SLAVE_ATTACHMENT/s_axi_rresp_i                                                                                        | soc_sys_i/buttons/U0/AXI_LITE_IPIF_I/I_SLAVE_ATTACHMENT/SR[0]                                                                                        |                1 |              5 |         5.00 |
|  soc_sys_i/processing_system7_0/inst/FCLK_CLK0_BUFG | soc_sys_i/ps7_0_axi_periph/s00_couplers/auto_pc/inst/gen_axilite.gen_b2s_conv.axilite_b2s/RD.r_channel_0/transaction_fifo_0/cnt_read[4]_i_1_n_0              | soc_sys_i/ps7_0_axi_periph/s00_couplers/auto_pc/inst/gen_axilite.gen_b2s_conv.axilite_b2s/areset_d1                                                  |                2 |              5 |         2.50 |
|  soc_sys_i/processing_system7_0/inst/FCLK_CLK0_BUFG | soc_sys_i/ps7_0_axi_periph/s00_couplers/auto_pc/inst/gen_axilite.gen_b2s_conv.axilite_b2s/RD.r_channel_0/rd_data_fifo_0/cnt_read[4]_i_1__0_n_0               | soc_sys_i/ps7_0_axi_periph/s00_couplers/auto_pc/inst/gen_axilite.gen_b2s_conv.axilite_b2s/areset_d1                                                  |                2 |              5 |         2.50 |
|  soc_sys_i/processing_system7_0/inst/FCLK_CLK0_BUFG | soc_sys_i/rst_ps7_0_100M/U0/SEQ/seq_cnt_en                                                                                                                   | soc_sys_i/rst_ps7_0_100M/U0/SEQ/SEQ_COUNTER/clear                                                                                                    |                1 |              6 |         6.00 |
|  soc_sys_i/processing_system7_0/inst/FCLK_CLK0_BUFG | soc_sys_i/ps7_0_axi_periph/s00_couplers/auto_pc/inst/gen_axilite.gen_b2s_conv.axilite_b2s/WR.b_channel_0/mhandshake_r                                        | soc_sys_i/ps7_0_axi_periph/s00_couplers/auto_pc/inst/gen_axilite.gen_b2s_conv.axilite_b2s/WR.b_channel_0/bid_fifo_0/SR[0]                            |                2 |              8 |         4.00 |
|  soc_sys_i/processing_system7_0/inst/FCLK_CLK0_BUFG | soc_sys_i/ps7_0_axi_periph/s00_couplers/auto_pc/inst/gen_axilite.gen_b2s_conv.axilite_b2s/WR.aw_channel_0/cmd_translator_0/incr_cmd_0/axaddr_incr[8]_i_1_n_0 |                                                                                                                                                      |                2 |              9 |         4.50 |
|  soc_sys_i/processing_system7_0/inst/FCLK_CLK0_BUFG | soc_sys_i/ps7_0_axi_periph/s00_couplers/auto_pc/inst/gen_axilite.gen_b2s_conv.axilite_b2s/RD.ar_channel_0/ar_cmd_fsm_0/E[0]                                  |                                                                                                                                                      |                3 |              9 |         3.00 |
|  soc_sys_i/processing_system7_0/inst/FCLK_CLK0_BUFG | soc_sys_i/ps7_0_axi_periph/s00_couplers/auto_pc/inst/gen_axilite.gen_b2s_conv.axilite_b2s/WR.aw_channel_0/aw_cmd_fsm_0/FSM_sequential_state_reg[0]_1[0]      |                                                                                                                                                      |                4 |              9 |         2.25 |
|  soc_sys_i/processing_system7_0/inst/FCLK_CLK0_BUFG | soc_sys_i/ps7_0_axi_periph/s00_couplers/auto_pc/inst/gen_axilite.gen_b2s_conv.axilite_b2s/RD.ar_channel_0/ar_cmd_fsm_0/sel_first_reg_1[0]                    |                                                                                                                                                      |                2 |              9 |         4.50 |
|  soc_sys_i/processing_system7_0/inst/FCLK_CLK0_BUFG |                                                                                                                                                              | soc_sys_i/ps7_0_axi_periph/s00_couplers/auto_pc/inst/gen_axilite.gen_b2s_conv.axilite_b2s/areset_d1                                                  |                5 |             10 |         2.00 |
|  soc_sys_i/processing_system7_0/inst/FCLK_CLK0_BUFG |                                                                                                                                                              | soc_sys_i/ps7_0_axi_periph/xbar/inst/gen_sasd.crossbar_sasd_0/addr_arbiter_inst/SR[0]                                                                |                5 |             11 |         2.20 |
|  soc_sys_i/processing_system7_0/inst/FCLK_CLK0_BUFG | soc_sys_i/ps7_0_axi_periph/s00_couplers/auto_pc/inst/gen_axilite.gen_b2s_conv.axilite_b2s/RD.r_channel_0/r_push_r                                            |                                                                                                                                                      |                4 |             13 |         3.25 |
|  soc_sys_i/processing_system7_0/inst/FCLK_CLK0_BUFG | soc_sys_i/ps7_0_axi_periph/s00_couplers/auto_pc/inst/gen_axilite.gen_b2s_conv.axilite_b2s/SI_REG/b.b_pipe/s_ready_i_reg_0                                    |                                                                                                                                                      |                4 |             14 |         3.50 |
|  soc_sys_i/processing_system7_0/inst/FCLK_CLK0_BUFG | soc_sys_i/ps7_0_axi_periph/s00_couplers/auto_pc/inst/gen_axilite.gen_b2s_conv.axilite_b2s/SI_REG/b.b_pipe/p_1_in                                             |                                                                                                                                                      |                3 |             14 |         4.67 |
|  soc_sys_i/processing_system7_0/inst/FCLK_CLK0_BUFG | soc_sys_i/ps7_0_axi_periph/s00_couplers/auto_pc/inst/gen_axilite.gen_b2s_conv.axilite_b2s/WR.aw_channel_0/aw_cmd_fsm_0/FSM_sequential_state_reg[0]_2         |                                                                                                                                                      |                3 |             16 |         5.33 |
|  soc_sys_i/processing_system7_0/inst/FCLK_CLK0_BUFG | soc_sys_i/ps7_0_axi_periph/xbar/inst/gen_sasd.crossbar_sasd_0/reg_slice_r/aa_rready                                                                          |                                                                                                                                                      |                7 |             16 |         2.29 |
|  soc_sys_i/processing_system7_0/inst/FCLK_CLK0_BUFG | soc_sys_i/ps7_0_axi_periph/s00_couplers/auto_pc/inst/gen_axilite.gen_b2s_conv.axilite_b2s/RD.ar_channel_0/ar_cmd_fsm_0/m_valid_i_reg                         |                                                                                                                                                      |               10 |             19 |         1.90 |
|  soc_sys_i/processing_system7_0/inst/FCLK_CLK0_BUFG | soc_sys_i/ps7_0_axi_periph/xbar/inst/gen_sasd.crossbar_sasd_0/addr_arbiter_inst/p_0_in1_in                                                                   | soc_sys_i/ps7_0_axi_periph/xbar/inst/gen_sasd.crossbar_sasd_0/addr_arbiter_inst/SR[0]                                                                |                6 |             19 |         3.17 |
|  soc_sys_i/processing_system7_0/inst/FCLK_CLK0_BUFG |                                                                                                                                                              | soc_sys_i/buttons/U0/AXI_LITE_IPIF_I/I_SLAVE_ATTACHMENT/SR[0]                                                                                        |                7 |             20 |         2.86 |
|  soc_sys_i/processing_system7_0/inst/FCLK_CLK0_BUFG | soc_sys_i/ps7_0_axi_periph/s00_couplers/auto_pc/inst/gen_axilite.gen_b2s_conv.axilite_b2s/WR.aw_channel_0/aw_cmd_fsm_0/E[0]                                  |                                                                                                                                                      |               10 |             22 |         2.20 |
|  soc_sys_i/processing_system7_0/inst/FCLK_CLK0_BUFG |                                                                                                                                                              | soc_sys_i/switches/U0/AXI_LITE_IPIF_I/I_SLAVE_ATTACHMENT/SR[0]                                                                                       |                7 |             23 |         3.29 |
|  soc_sys_i/processing_system7_0/inst/FCLK_CLK0_BUFG | soc_sys_i/ps7_0_axi_periph/s00_couplers/auto_pc/inst/gen_axilite.gen_b2s_conv.axilite_b2s/RD.r_channel_0/rd_data_fifo_0/wr_en0                               |                                                                                                                                                      |                9 |             34 |         3.78 |
|  soc_sys_i/processing_system7_0/inst/FCLK_CLK0_BUFG | soc_sys_i/ps7_0_axi_periph/xbar/inst/gen_sasd.crossbar_sasd_0/addr_arbiter_inst/E[0]                                                                         |                                                                                                                                                      |                9 |             34 |         3.78 |
|  soc_sys_i/processing_system7_0/inst/FCLK_CLK0_BUFG | soc_sys_i/ps7_0_axi_periph/s00_couplers/auto_pc/inst/gen_axilite.gen_b2s_conv.axilite_b2s/RD.ar_channel_0/ar_cmd_fsm_0/FSM_sequential_state_reg[1]_1[0]      |                                                                                                                                                      |               11 |             45 |         4.09 |
|  soc_sys_i/processing_system7_0/inst/FCLK_CLK0_BUFG | soc_sys_i/ps7_0_axi_periph/s00_couplers/auto_pc/inst/gen_axilite.gen_b2s_conv.axilite_b2s/WR.aw_channel_0/aw_cmd_fsm_0/m_valid_i_reg[0]                      |                                                                                                                                                      |               10 |             45 |         4.50 |
|  soc_sys_i/processing_system7_0/inst/FCLK_CLK0_BUFG | soc_sys_i/ps7_0_axi_periph/s00_couplers/auto_pc/inst/gen_axilite.gen_b2s_conv.axilite_b2s/SI_REG/ar.ar_pipe/s_ready_i_reg_0                                  |                                                                                                                                                      |                9 |             45 |         5.00 |
|  soc_sys_i/processing_system7_0/inst/FCLK_CLK0_BUFG | soc_sys_i/ps7_0_axi_periph/s00_couplers/auto_pc/inst/gen_axilite.gen_b2s_conv.axilite_b2s/SI_REG/aw.aw_pipe/s_ready_i_reg_0                                  |                                                                                                                                                      |               10 |             45 |         4.50 |
|  soc_sys_i/processing_system7_0/inst/FCLK_CLK0_BUFG | soc_sys_i/ps7_0_axi_periph/s00_couplers/auto_pc/inst/gen_axilite.gen_b2s_conv.axilite_b2s/SI_REG/r.r_pipe/p_1_in                                             |                                                                                                                                                      |                9 |             47 |         5.22 |
|  soc_sys_i/processing_system7_0/inst/FCLK_CLK0_BUFG | soc_sys_i/ps7_0_axi_periph/s00_couplers/auto_pc/inst/gen_axilite.gen_b2s_conv.axilite_b2s/SI_REG/r.r_pipe/s_ready_i_reg_0                                    |                                                                                                                                                      |               10 |             47 |         4.70 |
|  soc_sys_i/processing_system7_0/inst/FCLK_CLK0_BUFG |                                                                                                                                                              |                                                                                                                                                      |               58 |            175 |         3.02 |
+-----------------------------------------------------+--------------------------------------------------------------------------------------------------------------------------------------------------------------+------------------------------------------------------------------------------------------------------------------------------------------------------+------------------+----------------+--------------+


